<?xml version="1.0" encoding="UTF-8"?>
<testsuite name="LanguagesTest" tests="1" skipped="0" failures="0" errors="0" timestamp="2024-01-14T11:38:44" hostname="MacBook-Pro-Mihail.local" time="0.036">
  <properties/>
  <testcase name="languagesTest()" classname="LanguagesTest" time="0.036"/>
  <system-out><![CDATA[]]></system-out>
  <system-err><![CDATA[]]></system-err>
</testsuite>
