<?xml version="1.0" encoding="UTF-8"?>
<testsuite xmlns:xsi="http://www.w3.org/2001/XMLSchema-instance" xsi:noNamespaceSchemaLocation="https://maven.apache.org/surefire/maven-surefire-plugin/xsd/surefire-test-report.xsd" name="edu.penzgtu.oop.task12.EntropyTest" time="0.398" tests="0" errors="0" skipped="0" failures="0">
  <properties>
    <property name="java.specification.version" value="17"/>
    <property name="sun.jnu.encoding" value="UTF-8"/>
    <property name="java.class.path" value="/home/michaelos/IdeaProjects/task12/target/test-classes:/home/michaelos/IdeaProjects/task12/target/classes:/home/michaelos/.m2/repository/org/junit/jupiter/junit-jupiter-api/5.10.0/junit-jupiter-api-5.10.0.jar:/home/michaelos/.m2/repository/org/opentest4j/opentest4j/1.3.0/opentest4j-1.3.0.jar:/home/michaelos/.m2/repository/org/junit/platform/junit-platform-commons/1.10.0/junit-platform-commons-1.10.0.jar:/home/michaelos/.m2/repository/org/apiguardian/apiguardian-api/1.1.2/apiguardian-api-1.1.2.jar:/home/michaelos/.m2/repository/junit/junit/4.12/junit-4.12.jar:/home/michaelos/.m2/repository/org/hamcrest/hamcrest-core/1.3/hamcrest-core-1.3.jar:/home/michaelos/.m2/repository/org/testng/testng/7.8.0/testng-7.8.0.jar:/home/michaelos/.m2/repository/org/slf4j/slf4j-api/1.7.36/slf4j-api-1.7.36.jar:/home/michaelos/.m2/repository/com/beust/jcommander/1.82/jcommander-1.82.jar:/home/michaelos/.m2/repository/org/webjars/jquery/3.6.1/jquery-3.6.1.jar:"/>
    <property name="java.vm.vendor" value="Private Build"/>
    <property name="sun.arch.data.model" value="64"/>
    <property name="java.vendor.url" value="Unknown"/>
    <property name="os.name" value="Linux"/>
    <property name="java.vm.specification.version" value="17"/>
    <property name="sun.java.launcher" value="SUN_STANDARD"/>
    <property name="user.country" value="RU"/>
    <property name="sun.boot.library.path" value="/usr/lib/jvm/java-17-openjdk-amd64/lib"/>
    <property name="sun.java.command" value="/home/michaelos/IdeaProjects/task12/target/surefire/surefirebooter10189014447652484683.jar /home/michaelos/IdeaProjects/task12/target/surefire 2023-10-09T22-43-40_259-jvmRun1 surefire8189062326462670617tmp surefire_0593268525796212807tmp"/>
    <property name="jdk.debug" value="release"/>
    <property name="surefire.test.class.path" value="/home/michaelos/IdeaProjects/task12/target/test-classes:/home/michaelos/IdeaProjects/task12/target/classes:/home/michaelos/.m2/repository/org/junit/jupiter/junit-jupiter-api/5.10.0/junit-jupiter-api-5.10.0.jar:/home/michaelos/.m2/repository/org/opentest4j/opentest4j/1.3.0/opentest4j-1.3.0.jar:/home/michaelos/.m2/repository/org/junit/platform/junit-platform-commons/1.10.0/junit-platform-commons-1.10.0.jar:/home/michaelos/.m2/repository/org/apiguardian/apiguardian-api/1.1.2/apiguardian-api-1.1.2.jar:/home/michaelos/.m2/repository/junit/junit/4.12/junit-4.12.jar:/home/michaelos/.m2/repository/org/hamcrest/hamcrest-core/1.3/hamcrest-core-1.3.jar:/home/michaelos/.m2/repository/org/testng/testng/7.8.0/testng-7.8.0.jar:/home/michaelos/.m2/repository/org/slf4j/slf4j-api/1.7.36/slf4j-api-1.7.36.jar:/home/michaelos/.m2/repository/com/beust/jcommander/1.82/jcommander-1.82.jar:/home/michaelos/.m2/repository/org/webjars/jquery/3.6.1/jquery-3.6.1.jar:"/>
    <property name="sun.cpu.endian" value="little"/>
    <property name="user.home" value="/home/michaelos"/>
    <property name="user.language" value="ru"/>
    <property name="java.specification.vendor" value="Oracle Corporation"/>
    <property name="java.version.date" value="2023-08-24"/>
    <property name="java.home" value="/usr/lib/jvm/java-17-openjdk-amd64"/>
    <property name="file.separator" value="/"/>
    <property name="basedir" value="/home/michaelos/IdeaProjects/task12"/>
    <property name="java.vm.compressedOopsMode" value="Zero based"/>
    <property name="line.separator" value="&#10;"/>
    <property name="java.vm.specification.vendor" value="Oracle Corporation"/>
    <property name="java.specification.name" value="Java Platform API Specification"/>
    <property name="surefire.real.class.path" value="/home/michaelos/IdeaProjects/task12/target/surefire/surefirebooter10189014447652484683.jar"/>
    <property name="sun.management.compiler" value="HotSpot 64-Bit Tiered Compilers"/>
    <property name="java.runtime.version" value="17.0.8.1+1-Ubuntu-0ubuntu122.04"/>
    <property name="user.name" value="michaelos"/>
    <property name="path.separator" value=":"/>
    <property name="os.version" value="5.15.0-86-generic"/>
    <property name="java.runtime.name" value="OpenJDK Runtime Environment"/>
    <property name="file.encoding" value="UTF-8"/>
    <property name="java.vm.name" value="OpenJDK 64-Bit Server VM"/>
    <property name="localRepository" value="/home/michaelos/.m2/repository"/>
    <property name="java.vendor.url.bug" value="Unknown"/>
    <property name="java.io.tmpdir" value="/tmp"/>
    <property name="idea.version" value="2023.2.2"/>
    <property name="java.version" value="17.0.8.1"/>
    <property name="user.dir" value="/home/michaelos/IdeaProjects/task12"/>
    <property name="os.arch" value="amd64"/>
    <property name="java.vm.specification.name" value="Java Virtual Machine Specification"/>
    <property name="native.encoding" value="UTF-8"/>
    <property name="java.library.path" value="/usr/java/packages/lib:/usr/lib/x86_64-linux-gnu/jni:/lib/x86_64-linux-gnu:/usr/lib/x86_64-linux-gnu:/usr/lib/jni:/lib:/usr/lib"/>
    <property name="java.vm.info" value="mixed mode, sharing"/>
    <property name="java.vendor" value="Private Build"/>
    <property name="java.vm.version" value="17.0.8.1+1-Ubuntu-0ubuntu122.04"/>
    <property name="sun.io.unicode.encoding" value="UnicodeLittle"/>
    <property name="java.class.version" value="61.0"/>
  </properties>
</testsuite>